<?xml version="1.0" encoding="UTF-8"?>
<!-- Generated by org.testng.reporters.JUnitReportReporter -->
<testsuite hostname="Ameyas-MBP.fritz.box" failures="0" tests="1" name="com.test.Test" time="14.515" errors="0" timestamp="2024-10-24T17:46:55 CEST" skipped="0">
  <testcase classname="com.test.Test" name="loginTest" time="14.515"/>
  <system-out/>
</testsuite> <!-- com.test.Test -->
